c:\users\user\documents\яп\новая папка\lplab14\debug\vc142.pdb
c:\users\user\documents\яп\новая папка\lplab14\debug\vc142.idb
c:\users\user\documents\яп\новая папка\lplab14\debug\polishnotation.obj
c:\users\user\documents\яп\новая папка\lplab14\debug\parm.obj
c:\users\user\documents\яп\новая папка\lplab14\debug\out.obj
c:\users\user\documents\яп\новая папка\lplab14\debug\mfst.obj
c:\users\user\documents\яп\новая папка\lplab14\debug\lt.obj
c:\users\user\documents\яп\новая папка\lplab14\debug\lplab14.obj
c:\users\user\documents\яп\новая папка\lplab14\debug\log.obj
c:\users\user\documents\яп\новая папка\lplab14\debug\lan.obj
c:\users\user\documents\яп\новая папка\lplab14\debug\it.obj
c:\users\user\documents\яп\новая папка\lplab14\debug\in.obj
c:\users\user\documents\яп\новая папка\lplab14\debug\grb.obj
c:\users\user\documents\яп\новая папка\lplab14\debug\fst.obj
c:\users\user\documents\яп\новая папка\lplab14\debug\error.obj
c:\users\user\documents\яп\новая папка\lplab14\debug\edit.obj
c:\users\user\documents\яп\новая папка\lplab14\debug\214.exe
c:\users\user\documents\яп\новая папка\lplab14\debug\214.ilk
c:\users\user\documents\яп\новая папка\lplab14\debug\214.pdb
c:\users\user\documents\яп\новая папка\lplab14\debug\214.tlog\cl.command.1.tlog
c:\users\user\documents\яп\новая папка\lplab14\debug\214.tlog\cl.read.1.tlog
c:\users\user\documents\яп\новая папка\lplab14\debug\214.tlog\cl.write.1.tlog
c:\users\user\documents\яп\новая папка\lplab14\debug\214.tlog\link.command.1.tlog
c:\users\user\documents\яп\новая папка\lplab14\debug\214.tlog\link.read.1.tlog
c:\users\user\documents\яп\новая папка\lplab14\debug\214.tlog\link.write.1.tlog
